<?xml version="1.0" encoding="UTF-8"?>
<testsuite xmlns:xsi="http://www.w3.org/2001/XMLSchema-instance" xsi:noNamespaceSchemaLocation="https://maven.apache.org/surefire/maven-surefire-plugin/xsd/surefire-test-report-3.0.xsd" version="3.0" name="com.backend.BackendApplicationTest" time="2.961" tests="1" errors="0" skipped="0" failures="0">
  <properties>
    <property name="java.specification.version" value="21"/>
    <property name="sun.jnu.encoding" value="UTF-8"/>
    <property name="java.class.path" value="/Users/laercioleal/Work/Studies/Test/code-challenge-srm/target/test-classes:/Users/laercioleal/Work/Studies/Test/code-challenge-srm/target/classes:/Users/laercioleal/.m2/repository/org/springframework/boot/spring-boot-starter-validation/3.3.6/spring-boot-starter-validation-3.3.6.jar:/Users/laercioleal/.m2/repository/org/apache/tomcat/embed/tomcat-embed-el/10.1.33/tomcat-embed-el-10.1.33.jar:/Users/laercioleal/.m2/repository/org/hibernate/validator/hibernate-validator/8.0.1.Final/hibernate-validator-8.0.1.Final.jar:/Users/laercioleal/.m2/repository/jakarta/validation/jakarta.validation-api/3.0.2/jakarta.validation-api-3.0.2.jar:/Users/laercioleal/.m2/repository/org/jboss/logging/jboss-logging/3.5.3.Final/jboss-logging-3.5.3.Final.jar:/Users/laercioleal/.m2/repository/com/fasterxml/classmate/1.7.0/classmate-1.7.0.jar:/Users/laercioleal/.m2/repository/org/springframework/boot/spring-boot-starter-test/3.3.6/spring-boot-starter-test-3.3.6.jar:/Users/laercioleal/.m2/repository/org/springframework/boot/spring-boot-test/3.3.6/spring-boot-test-3.3.6.jar:/Users/laercioleal/.m2/repository/org/springframework/boot/spring-boot-test-autoconfigure/3.3.6/spring-boot-test-autoconfigure-3.3.6.jar:/Users/laercioleal/.m2/repository/com/jayway/jsonpath/json-path/2.9.0/json-path-2.9.0.jar:/Users/laercioleal/.m2/repository/jakarta/xml/bind/jakarta.xml.bind-api/4.0.2/jakarta.xml.bind-api-4.0.2.jar:/Users/laercioleal/.m2/repository/jakarta/activation/jakarta.activation-api/2.1.3/jakarta.activation-api-2.1.3.jar:/Users/laercioleal/.m2/repository/net/minidev/json-smart/2.5.1/json-smart-2.5.1.jar:/Users/laercioleal/.m2/repository/net/minidev/accessors-smart/2.5.1/accessors-smart-2.5.1.jar:/Users/laercioleal/.m2/repository/org/ow2/asm/asm/9.6/asm-9.6.jar:/Users/laercioleal/.m2/repository/org/assertj/assertj-core/3.25.3/assertj-core-3.25.3.jar:/Users/laercioleal/.m2/repository/org/awaitility/awaitility/4.2.2/awaitility-4.2.2.jar:/Users/laercioleal/.m2/repository/org/hamcrest/hamcrest/2.2/hamcrest-2.2.jar:/Users/laercioleal/.m2/repository/org/junit/jupiter/junit-jupiter/5.10.5/junit-jupiter-5.10.5.jar:/Users/laercioleal/.m2/repository/org/junit/jupiter/junit-jupiter-api/5.10.5/junit-jupiter-api-5.10.5.jar:/Users/laercioleal/.m2/repository/org/opentest4j/opentest4j/1.3.0/opentest4j-1.3.0.jar:/Users/laercioleal/.m2/repository/org/junit/platform/junit-platform-commons/1.10.5/junit-platform-commons-1.10.5.jar:/Users/laercioleal/.m2/repository/org/apiguardian/apiguardian-api/1.1.2/apiguardian-api-1.1.2.jar:/Users/laercioleal/.m2/repository/org/junit/jupiter/junit-jupiter-params/5.10.5/junit-jupiter-params-5.10.5.jar:/Users/laercioleal/.m2/repository/org/junit/jupiter/junit-jupiter-engine/5.10.5/junit-jupiter-engine-5.10.5.jar:/Users/laercioleal/.m2/repository/org/junit/platform/junit-platform-engine/1.10.5/junit-platform-engine-1.10.5.jar:/Users/laercioleal/.m2/repository/org/mockito/mockito-junit-jupiter/5.11.0/mockito-junit-jupiter-5.11.0.jar:/Users/laercioleal/.m2/repository/org/skyscreamer/jsonassert/1.5.3/jsonassert-1.5.3.jar:/Users/laercioleal/.m2/repository/com/vaadin/external/google/android-json/0.0.20131108.vaadin1/android-json-0.0.20131108.vaadin1.jar:/Users/laercioleal/.m2/repository/org/springframework/spring-core/6.1.15/spring-core-6.1.15.jar:/Users/laercioleal/.m2/repository/org/springframework/spring-jcl/6.1.15/spring-jcl-6.1.15.jar:/Users/laercioleal/.m2/repository/org/springframework/spring-test/6.1.15/spring-test-6.1.15.jar:/Users/laercioleal/.m2/repository/org/xmlunit/xmlunit-core/2.9.1/xmlunit-core-2.9.1.jar:/Users/laercioleal/.m2/repository/org/springframework/boot/spring-boot-starter-data-jpa/3.3.6/spring-boot-starter-data-jpa-3.3.6.jar:/Users/laercioleal/.m2/repository/org/springframework/boot/spring-boot-starter-aop/3.3.6/spring-boot-starter-aop-3.3.6.jar:/Users/laercioleal/.m2/repository/org/springframework/spring-aop/6.1.15/spring-aop-6.1.15.jar:/Users/laercioleal/.m2/repository/org/aspectj/aspectjweaver/1.9.22.1/aspectjweaver-1.9.22.1.jar:/Users/laercioleal/.m2/repository/org/springframework/boot/spring-boot-starter-jdbc/3.3.6/spring-boot-starter-jdbc-3.3.6.jar:/Users/laercioleal/.m2/repository/com/zaxxer/HikariCP/5.1.0/HikariCP-5.1.0.jar:/Users/laercioleal/.m2/repository/org/springframework/spring-jdbc/6.1.15/spring-jdbc-6.1.15.jar:/Users/laercioleal/.m2/repository/org/hibernate/orm/hibernate-core/6.5.3.Final/hibernate-core-6.5.3.Final.jar:/Users/laercioleal/.m2/repository/jakarta/persistence/jakarta.persistence-api/3.1.0/jakarta.persistence-api-3.1.0.jar:/Users/laercioleal/.m2/repository/jakarta/transaction/jakarta.transaction-api/2.0.1/jakarta.transaction-api-2.0.1.jar:/Users/laercioleal/.m2/repository/org/hibernate/common/hibernate-commons-annotations/6.0.6.Final/hibernate-commons-annotations-6.0.6.Final.jar:/Users/laercioleal/.m2/repository/io/smallrye/jandex/3.1.2/jandex-3.1.2.jar:/Users/laercioleal/.m2/repository/org/glassfish/jaxb/jaxb-runtime/4.0.5/jaxb-runtime-4.0.5.jar:/Users/laercioleal/.m2/repository/org/glassfish/jaxb/jaxb-core/4.0.5/jaxb-core-4.0.5.jar:/Users/laercioleal/.m2/repository/org/eclipse/angus/angus-activation/2.0.2/angus-activation-2.0.2.jar:/Users/laercioleal/.m2/repository/org/glassfish/jaxb/txw2/4.0.5/txw2-4.0.5.jar:/Users/laercioleal/.m2/repository/com/sun/istack/istack-commons-runtime/4.1.2/istack-commons-runtime-4.1.2.jar:/Users/laercioleal/.m2/repository/jakarta/inject/jakarta.inject-api/2.0.1/jakarta.inject-api-2.0.1.jar:/Users/laercioleal/.m2/repository/org/antlr/antlr4-runtime/4.13.0/antlr4-runtime-4.13.0.jar:/Users/laercioleal/.m2/repository/org/springframework/data/spring-data-jpa/3.3.6/spring-data-jpa-3.3.6.jar:/Users/laercioleal/.m2/repository/org/springframework/data/spring-data-commons/3.3.6/spring-data-commons-3.3.6.jar:/Users/laercioleal/.m2/repository/org/springframework/spring-orm/6.1.15/spring-orm-6.1.15.jar:/Users/laercioleal/.m2/repository/org/springframework/spring-context/6.1.15/spring-context-6.1.15.jar:/Users/laercioleal/.m2/repository/org/springframework/spring-tx/6.1.15/spring-tx-6.1.15.jar:/Users/laercioleal/.m2/repository/org/springframework/spring-beans/6.1.15/spring-beans-6.1.15.jar:/Users/laercioleal/.m2/repository/org/springframework/spring-aspects/6.1.15/spring-aspects-6.1.15.jar:/Users/laercioleal/.m2/repository/org/springframework/boot/spring-boot-starter-web/3.3.6/spring-boot-starter-web-3.3.6.jar:/Users/laercioleal/.m2/repository/org/springframework/boot/spring-boot-starter-json/3.3.6/spring-boot-starter-json-3.3.6.jar:/Users/laercioleal/.m2/repository/com/fasterxml/jackson/datatype/jackson-datatype-jsr310/2.17.3/jackson-datatype-jsr310-2.17.3.jar:/Users/laercioleal/.m2/repository/com/fasterxml/jackson/module/jackson-module-parameter-names/2.17.3/jackson-module-parameter-names-2.17.3.jar:/Users/laercioleal/.m2/repository/org/springframework/boot/spring-boot-starter-tomcat/3.3.6/spring-boot-starter-tomcat-3.3.6.jar:/Users/laercioleal/.m2/repository/org/apache/tomcat/embed/tomcat-embed-core/10.1.33/tomcat-embed-core-10.1.33.jar:/Users/laercioleal/.m2/repository/org/apache/tomcat/embed/tomcat-embed-websocket/10.1.33/tomcat-embed-websocket-10.1.33.jar:/Users/laercioleal/.m2/repository/org/springframework/spring-web/6.1.15/spring-web-6.1.15.jar:/Users/laercioleal/.m2/repository/io/micrometer/micrometer-observation/1.13.8/micrometer-observation-1.13.8.jar:/Users/laercioleal/.m2/repository/io/micrometer/micrometer-commons/1.13.8/micrometer-commons-1.13.8.jar:/Users/laercioleal/.m2/repository/org/springframework/spring-webmvc/6.1.15/spring-webmvc-6.1.15.jar:/Users/laercioleal/.m2/repository/org/springframework/spring-expression/6.1.15/spring-expression-6.1.15.jar:/Users/laercioleal/.m2/repository/org/springframework/boot/spring-boot-starter/3.3.6/spring-boot-starter-3.3.6.jar:/Users/laercioleal/.m2/repository/org/springframework/boot/spring-boot/3.3.6/spring-boot-3.3.6.jar:/Users/laercioleal/.m2/repository/org/springframework/boot/spring-boot-autoconfigure/3.3.6/spring-boot-autoconfigure-3.3.6.jar:/Users/laercioleal/.m2/repository/org/springframework/boot/spring-boot-starter-logging/3.3.6/spring-boot-starter-logging-3.3.6.jar:/Users/laercioleal/.m2/repository/ch/qos/logback/logback-classic/1.5.12/logback-classic-1.5.12.jar:/Users/laercioleal/.m2/repository/ch/qos/logback/logback-core/1.5.12/logback-core-1.5.12.jar:/Users/laercioleal/.m2/repository/org/apache/logging/log4j/log4j-to-slf4j/2.23.1/log4j-to-slf4j-2.23.1.jar:/Users/laercioleal/.m2/repository/org/apache/logging/log4j/log4j-api/2.23.1/log4j-api-2.23.1.jar:/Users/laercioleal/.m2/repository/org/slf4j/jul-to-slf4j/2.0.16/jul-to-slf4j-2.0.16.jar:/Users/laercioleal/.m2/repository/jakarta/annotation/jakarta.annotation-api/2.1.1/jakarta.annotation-api-2.1.1.jar:/Users/laercioleal/.m2/repository/org/yaml/snakeyaml/2.2/snakeyaml-2.2.jar:/Users/laercioleal/.m2/repository/io/swagger/swagger-annotations/1.6.13/swagger-annotations-1.6.13.jar:/Users/laercioleal/.m2/repository/org/springdoc/springdoc-openapi-starter-webmvc-ui/2.3.0/springdoc-openapi-starter-webmvc-ui-2.3.0.jar:/Users/laercioleal/.m2/repository/org/springdoc/springdoc-openapi-starter-webmvc-api/2.3.0/springdoc-openapi-starter-webmvc-api-2.3.0.jar:/Users/laercioleal/.m2/repository/org/springdoc/springdoc-openapi-starter-common/2.3.0/springdoc-openapi-starter-common-2.3.0.jar:/Users/laercioleal/.m2/repository/io/swagger/core/v3/swagger-core-jakarta/2.2.19/swagger-core-jakarta-2.2.19.jar:/Users/laercioleal/.m2/repository/io/swagger/core/v3/swagger-annotations-jakarta/2.2.19/swagger-annotations-jakarta-2.2.19.jar:/Users/laercioleal/.m2/repository/io/swagger/core/v3/swagger-models-jakarta/2.2.19/swagger-models-jakarta-2.2.19.jar:/Users/laercioleal/.m2/repository/com/fasterxml/jackson/dataformat/jackson-dataformat-yaml/2.17.3/jackson-dataformat-yaml-2.17.3.jar:/Users/laercioleal/.m2/repository/org/webjars/swagger-ui/5.10.3/swagger-ui-5.10.3.jar:/Users/laercioleal/.m2/repository/com/h2database/h2/2.2.224/h2-2.2.224.jar:/Users/laercioleal/.m2/repository/org/liquibase/liquibase-core/4.27.0/liquibase-core-4.27.0.jar:/Users/laercioleal/.m2/repository/com/opencsv/opencsv/5.9/opencsv-5.9.jar:/Users/laercioleal/.m2/repository/org/apache/commons/commons-text/1.11.0/commons-text-1.11.0.jar:/Users/laercioleal/.m2/repository/org/apache/commons/commons-collections4/4.4/commons-collections4-4.4.jar:/Users/laercioleal/.m2/repository/javax/xml/bind/jaxb-api/2.3.1/jaxb-api-2.3.1.jar:/Users/laercioleal/.m2/repository/org/apache/commons/commons-lang3/3.14.0/commons-lang3-3.14.0.jar:/Users/laercioleal/.m2/repository/org/projectlombok/lombok/1.18.32/lombok-1.18.32.jar:/Users/laercioleal/.m2/repository/org/mockito/mockito-core/5.11.0/mockito-core-5.11.0.jar:/Users/laercioleal/.m2/repository/net/bytebuddy/byte-buddy/1.14.19/byte-buddy-1.14.19.jar:/Users/laercioleal/.m2/repository/net/bytebuddy/byte-buddy-agent/1.14.19/byte-buddy-agent-1.14.19.jar:/Users/laercioleal/.m2/repository/org/objenesis/objenesis/3.3/objenesis-3.3.jar:/Users/laercioleal/.m2/repository/com/fasterxml/jackson/datatype/jackson-datatype-jdk8/2.17.1/jackson-datatype-jdk8-2.17.1.jar:/Users/laercioleal/.m2/repository/com/fasterxml/jackson/core/jackson-core/2.17.3/jackson-core-2.17.3.jar:/Users/laercioleal/.m2/repository/com/fasterxml/jackson/core/jackson-databind/2.17.3/jackson-databind-2.17.3.jar:/Users/laercioleal/.m2/repository/com/fasterxml/jackson/core/jackson-annotations/2.17.3/jackson-annotations-2.17.3.jar:/Users/laercioleal/.m2/repository/org/mapstruct/mapstruct/1.5.3.Final/mapstruct-1.5.3.Final.jar:/Users/laercioleal/.m2/repository/org/mapstruct/mapstruct-processor/1.5.3.Final/mapstruct-processor-1.5.3.Final.jar:/Users/laercioleal/.m2/repository/org/slf4j/slf4j-api/2.0.16/slf4j-api-2.0.16.jar:"/>
    <property name="java.vm.vendor" value="Amazon.com Inc."/>
    <property name="sun.arch.data.model" value="64"/>
    <property name="catalina.useNaming" value="false"/>
    <property name="java.vendor.url" value="https://aws.amazon.com/corretto/"/>
    <property name="user.timezone" value="America/Sao_Paulo"/>
    <property name="org.jboss.logging.provider" value="slf4j"/>
    <property name="os.name" value="Mac OS X"/>
    <property name="java.vm.specification.version" value="21"/>
    <property name="sun.java.launcher" value="SUN_STANDARD"/>
    <property name="user.country" value="BR"/>
    <property name="sun.boot.library.path" value="/Users/laercioleal/Library/Java/JavaVirtualMachines/corretto-21.0.3/Contents/Home/lib"/>
    <property name="sun.java.command" value="/Users/laercioleal/Work/Studies/Test/code-challenge-srm/target/surefire/surefirebooter-20241211080832709_3.jar /Users/laercioleal/Work/Studies/Test/code-challenge-srm/target/surefire 2024-12-11T08-08-32_672-jvmRun1 surefire-20241211080832709_1tmp surefire_0-20241211080832709_2tmp"/>
    <property name="http.nonProxyHosts" value="local|*.local|169.254/16|*.169.254/16"/>
    <property name="jdk.debug" value="release"/>
    <property name="surefire.test.class.path" value="/Users/laercioleal/Work/Studies/Test/code-challenge-srm/target/test-classes:/Users/laercioleal/Work/Studies/Test/code-challenge-srm/target/classes:/Users/laercioleal/.m2/repository/org/springframework/boot/spring-boot-starter-validation/3.3.6/spring-boot-starter-validation-3.3.6.jar:/Users/laercioleal/.m2/repository/org/apache/tomcat/embed/tomcat-embed-el/10.1.33/tomcat-embed-el-10.1.33.jar:/Users/laercioleal/.m2/repository/org/hibernate/validator/hibernate-validator/8.0.1.Final/hibernate-validator-8.0.1.Final.jar:/Users/laercioleal/.m2/repository/jakarta/validation/jakarta.validation-api/3.0.2/jakarta.validation-api-3.0.2.jar:/Users/laercioleal/.m2/repository/org/jboss/logging/jboss-logging/3.5.3.Final/jboss-logging-3.5.3.Final.jar:/Users/laercioleal/.m2/repository/com/fasterxml/classmate/1.7.0/classmate-1.7.0.jar:/Users/laercioleal/.m2/repository/org/springframework/boot/spring-boot-starter-test/3.3.6/spring-boot-starter-test-3.3.6.jar:/Users/laercioleal/.m2/repository/org/springframework/boot/spring-boot-test/3.3.6/spring-boot-test-3.3.6.jar:/Users/laercioleal/.m2/repository/org/springframework/boot/spring-boot-test-autoconfigure/3.3.6/spring-boot-test-autoconfigure-3.3.6.jar:/Users/laercioleal/.m2/repository/com/jayway/jsonpath/json-path/2.9.0/json-path-2.9.0.jar:/Users/laercioleal/.m2/repository/jakarta/xml/bind/jakarta.xml.bind-api/4.0.2/jakarta.xml.bind-api-4.0.2.jar:/Users/laercioleal/.m2/repository/jakarta/activation/jakarta.activation-api/2.1.3/jakarta.activation-api-2.1.3.jar:/Users/laercioleal/.m2/repository/net/minidev/json-smart/2.5.1/json-smart-2.5.1.jar:/Users/laercioleal/.m2/repository/net/minidev/accessors-smart/2.5.1/accessors-smart-2.5.1.jar:/Users/laercioleal/.m2/repository/org/ow2/asm/asm/9.6/asm-9.6.jar:/Users/laercioleal/.m2/repository/org/assertj/assertj-core/3.25.3/assertj-core-3.25.3.jar:/Users/laercioleal/.m2/repository/org/awaitility/awaitility/4.2.2/awaitility-4.2.2.jar:/Users/laercioleal/.m2/repository/org/hamcrest/hamcrest/2.2/hamcrest-2.2.jar:/Users/laercioleal/.m2/repository/org/junit/jupiter/junit-jupiter/5.10.5/junit-jupiter-5.10.5.jar:/Users/laercioleal/.m2/repository/org/junit/jupiter/junit-jupiter-api/5.10.5/junit-jupiter-api-5.10.5.jar:/Users/laercioleal/.m2/repository/org/opentest4j/opentest4j/1.3.0/opentest4j-1.3.0.jar:/Users/laercioleal/.m2/repository/org/junit/platform/junit-platform-commons/1.10.5/junit-platform-commons-1.10.5.jar:/Users/laercioleal/.m2/repository/org/apiguardian/apiguardian-api/1.1.2/apiguardian-api-1.1.2.jar:/Users/laercioleal/.m2/repository/org/junit/jupiter/junit-jupiter-params/5.10.5/junit-jupiter-params-5.10.5.jar:/Users/laercioleal/.m2/repository/org/junit/jupiter/junit-jupiter-engine/5.10.5/junit-jupiter-engine-5.10.5.jar:/Users/laercioleal/.m2/repository/org/junit/platform/junit-platform-engine/1.10.5/junit-platform-engine-1.10.5.jar:/Users/laercioleal/.m2/repository/org/mockito/mockito-junit-jupiter/5.11.0/mockito-junit-jupiter-5.11.0.jar:/Users/laercioleal/.m2/repository/org/skyscreamer/jsonassert/1.5.3/jsonassert-1.5.3.jar:/Users/laercioleal/.m2/repository/com/vaadin/external/google/android-json/0.0.20131108.vaadin1/android-json-0.0.20131108.vaadin1.jar:/Users/laercioleal/.m2/repository/org/springframework/spring-core/6.1.15/spring-core-6.1.15.jar:/Users/laercioleal/.m2/repository/org/springframework/spring-jcl/6.1.15/spring-jcl-6.1.15.jar:/Users/laercioleal/.m2/repository/org/springframework/spring-test/6.1.15/spring-test-6.1.15.jar:/Users/laercioleal/.m2/repository/org/xmlunit/xmlunit-core/2.9.1/xmlunit-core-2.9.1.jar:/Users/laercioleal/.m2/repository/org/springframework/boot/spring-boot-starter-data-jpa/3.3.6/spring-boot-starter-data-jpa-3.3.6.jar:/Users/laercioleal/.m2/repository/org/springframework/boot/spring-boot-starter-aop/3.3.6/spring-boot-starter-aop-3.3.6.jar:/Users/laercioleal/.m2/repository/org/springframework/spring-aop/6.1.15/spring-aop-6.1.15.jar:/Users/laercioleal/.m2/repository/org/aspectj/aspectjweaver/1.9.22.1/aspectjweaver-1.9.22.1.jar:/Users/laercioleal/.m2/repository/org/springframework/boot/spring-boot-starter-jdbc/3.3.6/spring-boot-starter-jdbc-3.3.6.jar:/Users/laercioleal/.m2/repository/com/zaxxer/HikariCP/5.1.0/HikariCP-5.1.0.jar:/Users/laercioleal/.m2/repository/org/springframework/spring-jdbc/6.1.15/spring-jdbc-6.1.15.jar:/Users/laercioleal/.m2/repository/org/hibernate/orm/hibernate-core/6.5.3.Final/hibernate-core-6.5.3.Final.jar:/Users/laercioleal/.m2/repository/jakarta/persistence/jakarta.persistence-api/3.1.0/jakarta.persistence-api-3.1.0.jar:/Users/laercioleal/.m2/repository/jakarta/transaction/jakarta.transaction-api/2.0.1/jakarta.transaction-api-2.0.1.jar:/Users/laercioleal/.m2/repository/org/hibernate/common/hibernate-commons-annotations/6.0.6.Final/hibernate-commons-annotations-6.0.6.Final.jar:/Users/laercioleal/.m2/repository/io/smallrye/jandex/3.1.2/jandex-3.1.2.jar:/Users/laercioleal/.m2/repository/org/glassfish/jaxb/jaxb-runtime/4.0.5/jaxb-runtime-4.0.5.jar:/Users/laercioleal/.m2/repository/org/glassfish/jaxb/jaxb-core/4.0.5/jaxb-core-4.0.5.jar:/Users/laercioleal/.m2/repository/org/eclipse/angus/angus-activation/2.0.2/angus-activation-2.0.2.jar:/Users/laercioleal/.m2/repository/org/glassfish/jaxb/txw2/4.0.5/txw2-4.0.5.jar:/Users/laercioleal/.m2/repository/com/sun/istack/istack-commons-runtime/4.1.2/istack-commons-runtime-4.1.2.jar:/Users/laercioleal/.m2/repository/jakarta/inject/jakarta.inject-api/2.0.1/jakarta.inject-api-2.0.1.jar:/Users/laercioleal/.m2/repository/org/antlr/antlr4-runtime/4.13.0/antlr4-runtime-4.13.0.jar:/Users/laercioleal/.m2/repository/org/springframework/data/spring-data-jpa/3.3.6/spring-data-jpa-3.3.6.jar:/Users/laercioleal/.m2/repository/org/springframework/data/spring-data-commons/3.3.6/spring-data-commons-3.3.6.jar:/Users/laercioleal/.m2/repository/org/springframework/spring-orm/6.1.15/spring-orm-6.1.15.jar:/Users/laercioleal/.m2/repository/org/springframework/spring-context/6.1.15/spring-context-6.1.15.jar:/Users/laercioleal/.m2/repository/org/springframework/spring-tx/6.1.15/spring-tx-6.1.15.jar:/Users/laercioleal/.m2/repository/org/springframework/spring-beans/6.1.15/spring-beans-6.1.15.jar:/Users/laercioleal/.m2/repository/org/springframework/spring-aspects/6.1.15/spring-aspects-6.1.15.jar:/Users/laercioleal/.m2/repository/org/springframework/boot/spring-boot-starter-web/3.3.6/spring-boot-starter-web-3.3.6.jar:/Users/laercioleal/.m2/repository/org/springframework/boot/spring-boot-starter-json/3.3.6/spring-boot-starter-json-3.3.6.jar:/Users/laercioleal/.m2/repository/com/fasterxml/jackson/datatype/jackson-datatype-jsr310/2.17.3/jackson-datatype-jsr310-2.17.3.jar:/Users/laercioleal/.m2/repository/com/fasterxml/jackson/module/jackson-module-parameter-names/2.17.3/jackson-module-parameter-names-2.17.3.jar:/Users/laercioleal/.m2/repository/org/springframework/boot/spring-boot-starter-tomcat/3.3.6/spring-boot-starter-tomcat-3.3.6.jar:/Users/laercioleal/.m2/repository/org/apache/tomcat/embed/tomcat-embed-core/10.1.33/tomcat-embed-core-10.1.33.jar:/Users/laercioleal/.m2/repository/org/apache/tomcat/embed/tomcat-embed-websocket/10.1.33/tomcat-embed-websocket-10.1.33.jar:/Users/laercioleal/.m2/repository/org/springframework/spring-web/6.1.15/spring-web-6.1.15.jar:/Users/laercioleal/.m2/repository/io/micrometer/micrometer-observation/1.13.8/micrometer-observation-1.13.8.jar:/Users/laercioleal/.m2/repository/io/micrometer/micrometer-commons/1.13.8/micrometer-commons-1.13.8.jar:/Users/laercioleal/.m2/repository/org/springframework/spring-webmvc/6.1.15/spring-webmvc-6.1.15.jar:/Users/laercioleal/.m2/repository/org/springframework/spring-expression/6.1.15/spring-expression-6.1.15.jar:/Users/laercioleal/.m2/repository/org/springframework/boot/spring-boot-starter/3.3.6/spring-boot-starter-3.3.6.jar:/Users/laercioleal/.m2/repository/org/springframework/boot/spring-boot/3.3.6/spring-boot-3.3.6.jar:/Users/laercioleal/.m2/repository/org/springframework/boot/spring-boot-autoconfigure/3.3.6/spring-boot-autoconfigure-3.3.6.jar:/Users/laercioleal/.m2/repository/org/springframework/boot/spring-boot-starter-logging/3.3.6/spring-boot-starter-logging-3.3.6.jar:/Users/laercioleal/.m2/repository/ch/qos/logback/logback-classic/1.5.12/logback-classic-1.5.12.jar:/Users/laercioleal/.m2/repository/ch/qos/logback/logback-core/1.5.12/logback-core-1.5.12.jar:/Users/laercioleal/.m2/repository/org/apache/logging/log4j/log4j-to-slf4j/2.23.1/log4j-to-slf4j-2.23.1.jar:/Users/laercioleal/.m2/repository/org/apache/logging/log4j/log4j-api/2.23.1/log4j-api-2.23.1.jar:/Users/laercioleal/.m2/repository/org/slf4j/jul-to-slf4j/2.0.16/jul-to-slf4j-2.0.16.jar:/Users/laercioleal/.m2/repository/jakarta/annotation/jakarta.annotation-api/2.1.1/jakarta.annotation-api-2.1.1.jar:/Users/laercioleal/.m2/repository/org/yaml/snakeyaml/2.2/snakeyaml-2.2.jar:/Users/laercioleal/.m2/repository/io/swagger/swagger-annotations/1.6.13/swagger-annotations-1.6.13.jar:/Users/laercioleal/.m2/repository/org/springdoc/springdoc-openapi-starter-webmvc-ui/2.3.0/springdoc-openapi-starter-webmvc-ui-2.3.0.jar:/Users/laercioleal/.m2/repository/org/springdoc/springdoc-openapi-starter-webmvc-api/2.3.0/springdoc-openapi-starter-webmvc-api-2.3.0.jar:/Users/laercioleal/.m2/repository/org/springdoc/springdoc-openapi-starter-common/2.3.0/springdoc-openapi-starter-common-2.3.0.jar:/Users/laercioleal/.m2/repository/io/swagger/core/v3/swagger-core-jakarta/2.2.19/swagger-core-jakarta-2.2.19.jar:/Users/laercioleal/.m2/repository/io/swagger/core/v3/swagger-annotations-jakarta/2.2.19/swagger-annotations-jakarta-2.2.19.jar:/Users/laercioleal/.m2/repository/io/swagger/core/v3/swagger-models-jakarta/2.2.19/swagger-models-jakarta-2.2.19.jar:/Users/laercioleal/.m2/repository/com/fasterxml/jackson/dataformat/jackson-dataformat-yaml/2.17.3/jackson-dataformat-yaml-2.17.3.jar:/Users/laercioleal/.m2/repository/org/webjars/swagger-ui/5.10.3/swagger-ui-5.10.3.jar:/Users/laercioleal/.m2/repository/com/h2database/h2/2.2.224/h2-2.2.224.jar:/Users/laercioleal/.m2/repository/org/liquibase/liquibase-core/4.27.0/liquibase-core-4.27.0.jar:/Users/laercioleal/.m2/repository/com/opencsv/opencsv/5.9/opencsv-5.9.jar:/Users/laercioleal/.m2/repository/org/apache/commons/commons-text/1.11.0/commons-text-1.11.0.jar:/Users/laercioleal/.m2/repository/org/apache/commons/commons-collections4/4.4/commons-collections4-4.4.jar:/Users/laercioleal/.m2/repository/javax/xml/bind/jaxb-api/2.3.1/jaxb-api-2.3.1.jar:/Users/laercioleal/.m2/repository/org/apache/commons/commons-lang3/3.14.0/commons-lang3-3.14.0.jar:/Users/laercioleal/.m2/repository/org/projectlombok/lombok/1.18.32/lombok-1.18.32.jar:/Users/laercioleal/.m2/repository/org/mockito/mockito-core/5.11.0/mockito-core-5.11.0.jar:/Users/laercioleal/.m2/repository/net/bytebuddy/byte-buddy/1.14.19/byte-buddy-1.14.19.jar:/Users/laercioleal/.m2/repository/net/bytebuddy/byte-buddy-agent/1.14.19/byte-buddy-agent-1.14.19.jar:/Users/laercioleal/.m2/repository/org/objenesis/objenesis/3.3/objenesis-3.3.jar:/Users/laercioleal/.m2/repository/com/fasterxml/jackson/datatype/jackson-datatype-jdk8/2.17.1/jackson-datatype-jdk8-2.17.1.jar:/Users/laercioleal/.m2/repository/com/fasterxml/jackson/core/jackson-core/2.17.3/jackson-core-2.17.3.jar:/Users/laercioleal/.m2/repository/com/fasterxml/jackson/core/jackson-databind/2.17.3/jackson-databind-2.17.3.jar:/Users/laercioleal/.m2/repository/com/fasterxml/jackson/core/jackson-annotations/2.17.3/jackson-annotations-2.17.3.jar:/Users/laercioleal/.m2/repository/org/mapstruct/mapstruct/1.5.3.Final/mapstruct-1.5.3.Final.jar:/Users/laercioleal/.m2/repository/org/mapstruct/mapstruct-processor/1.5.3.Final/mapstruct-processor-1.5.3.Final.jar:/Users/laercioleal/.m2/repository/org/slf4j/slf4j-api/2.0.16/slf4j-api-2.0.16.jar:"/>
    <property name="sun.cpu.endian" value="little"/>
    <property name="user.home" value="/Users/laercioleal"/>
    <property name="user.language" value="en"/>
    <property name="java.specification.vendor" value="Oracle Corporation"/>
    <property name="java.version.date" value="2024-04-16"/>
    <property name="java.home" value="/Users/laercioleal/Library/Java/JavaVirtualMachines/corretto-21.0.3/Contents/Home"/>
    <property name="file.separator" value="/"/>
    <property name="basedir" value="/Users/laercioleal/Work/Studies/Test/code-challenge-srm"/>
    <property name="java.vm.compressedOopsMode" value="Zero based"/>
    <property name="line.separator" value="&#10;"/>
    <property name="java.vm.specification.vendor" value="Oracle Corporation"/>
    <property name="java.specification.name" value="Java Platform API Specification"/>
    <property name="FILE_LOG_CHARSET" value="UTF-8"/>
    <property name="java.awt.headless" value="true"/>
    <property name="apple.awt.application.name" value="ForkedBooter"/>
    <property name="surefire.real.class.path" value="/Users/laercioleal/Work/Studies/Test/code-challenge-srm/target/surefire/surefirebooter-20241211080832709_3.jar"/>
    <property name="sun.management.compiler" value="HotSpot 64-Bit Tiered Compilers"/>
    <property name="ftp.nonProxyHosts" value="local|*.local|169.254/16|*.169.254/16"/>
    <property name="java.runtime.version" value="21.0.3+9-LTS"/>
    <property name="user.name" value="laercioleal"/>
    <property name="stdout.encoding" value="UTF-8"/>
    <property name="path.separator" value=":"/>
    <property name="os.version" value="14.6.1"/>
    <property name="java.runtime.name" value="OpenJDK Runtime Environment"/>
    <property name="file.encoding" value="UTF-8"/>
    <property name="java.vm.name" value="OpenJDK 64-Bit Server VM"/>
    <property name="java.vendor.version" value="Corretto-21.0.3.9.1"/>
    <property name="localRepository" value="/Users/laercioleal/.m2/repository"/>
    <property name="java.vendor.url.bug" value="https://github.com/corretto/corretto-21/issues/"/>
    <property name="java.io.tmpdir" value="/var/folders/rs/gcy47s155l5089qwvf_7rkxm0000gn/T/"/>
    <property name="idea.version" value="2023.2.6"/>
    <property name="com.zaxxer.hikari.pool_number" value="2"/>
    <property name="catalina.home" value="/private/var/folders/rs/gcy47s155l5089qwvf_7rkxm0000gn/T/tomcat.8080.8571365212179473599"/>
    <property name="java.version" value="21.0.3"/>
    <property name="user.dir" value="/Users/laercioleal/Work/Studies/Test/code-challenge-srm"/>
    <property name="os.arch" value="aarch64"/>
    <property name="java.vm.specification.name" value="Java Virtual Machine Specification"/>
    <property name="PID" value="3923"/>
    <property name="CONSOLE_LOG_CHARSET" value="UTF-8"/>
    <property name="catalina.base" value="/private/var/folders/rs/gcy47s155l5089qwvf_7rkxm0000gn/T/tomcat.8080.8571365212179473599"/>
    <property name="native.encoding" value="UTF-8"/>
    <property name="java.library.path" value="/Users/laercioleal/Library/Java/Extensions:/Library/Java/Extensions:/Network/Library/Java/Extensions:/System/Library/Java/Extensions:/usr/lib/java:."/>
    <property name="java.vm.info" value="mixed mode, sharing"/>
    <property name="stderr.encoding" value="UTF-8"/>
    <property name="java.vendor" value="Amazon.com Inc."/>
    <property name="java.vm.version" value="21.0.3+9-LTS"/>
    <property name="sun.io.unicode.encoding" value="UnicodeBig"/>
    <property name="socksNonProxyHosts" value="local|*.local|169.254/16|*.169.254/16"/>
    <property name="java.class.version" value="65.0"/>
  </properties>
  <testcase name="mainTest" classname="com.backend.BackendApplicationTest" time="0.58">
    <system-out><![CDATA[
  .   ____          _            __ _ _
 /\\ / ___'_ __ _ _(_)_ __  __ _ \ \ \ \
( ( )\___ | '_ | '_| | '_ \/ _` | \ \ \ \
 \\/  ___)| |_)| | | | | || (_| |  ) ) ) )
  '  |____| .__|_| |_|_| |_\__, | / / / /
 =========|_|==============|___/=/_/_/_/

 :: Spring Boot ::                (v3.3.6)

08:08:33.171 [background-preinit] INFO  o.h.validator.internal.util.Version - HV000001: Hibernate Validator 8.0.1.Final
08:08:33.180 [main] INFO  com.backend.BackendApplicationTest - Starting BackendApplicationTest using Java 21.0.3 with PID 3923 (started by laercioleal in /Users/laercioleal/Work/Studies/Test/code-challenge-srm)
08:08:33.180 [main] INFO  com.backend.BackendApplicationTest - No active profile set, falling back to 1 default profile: "default"
08:08:33.669 [main] INFO  com.zaxxer.hikari.HikariDataSource - HikariPool-1 - Starting...
08:08:33.750 [main] INFO  com.zaxxer.hikari.pool.HikariPool - HikariPool-1 - Added connection conn0: url=jdbc:h2:mem:crud user=CRUD
08:08:33.750 [main] INFO  com.zaxxer.hikari.HikariDataSource - HikariPool-1 - Start completed.
08:08:33.778 [main] INFO  liquibase.database - Set default schema name to PUBLIC
08:08:33.924 [main] INFO  liquibase.changelog - Reading resource: db/changelog/changes/001-initial_script.sql
08:08:33.943 [main] INFO  liquibase.changelog - Creating database history table with name: PUBLIC.DATABASECHANGELOG
08:08:34.000 [main] INFO  liquibase.changelog - Reading from PUBLIC.DATABASECHANGELOG
08:08:34.014 [main] INFO  liquibase.lockservice - Successfully acquired change log lock
08:08:34.015 [main] INFO  liquibase.command - Using deploymentId: 3915314015
08:08:34.015 [main] INFO  liquibase.changelog - Reading from PUBLIC.DATABASECHANGELOG
08:08:34.023 [main] INFO  liquibase.ui - Running Changeset: db/changelog/changes/001-initial_script.sql::raw::includeAll
08:08:34.040 [main] INFO  liquibase.changelog - Custom SQL executed
08:08:34.040 [main] INFO  liquibase.changelog - ChangeSet db/changelog/changes/001-initial_script.sql::raw::includeAll ran successfully in 17ms
08:08:34.043 [main] INFO  liquibase.util - UPDATE SUMMARY
08:08:34.043 [main] INFO  liquibase.util - Run:                          1
08:08:34.043 [main] INFO  liquibase.util - Previously run:               0
08:08:34.043 [main] INFO  liquibase.util - Filtered out:                 0
08:08:34.043 [main] INFO  liquibase.util - -------------------------------
08:08:34.043 [main] INFO  liquibase.util - Total change sets:            1
08:08:34.044 [main] INFO  liquibase.util - Update summary generated
08:08:34.044 [main] INFO  liquibase.command - Update command completed successfully.
08:08:34.044 [main] INFO  liquibase.ui - Liquibase: Update has been successful. Rows affected: 1
08:08:34.045 [main] INFO  liquibase.lockservice - Successfully released change log lock
08:08:34.045 [main] INFO  liquibase.command - Command execution complete
08:08:34.078 [main] INFO  o.h.jpa.internal.util.LogHelper - HHH000204: Processing PersistenceUnitInfo [name: default]
08:08:34.104 [main] INFO  org.hibernate.Version - HHH000412: Hibernate ORM core version 6.5.3.Final
08:08:34.118 [main] INFO  o.h.c.i.RegionFactoryInitiator - HHH000026: Second-level cache disabled
08:08:34.235 [main] WARN  org.hibernate.orm.deprecation - HHH90000025: H2Dialect does not need to be specified explicitly using 'hibernate.dialect' (remove the property setting and it will be selected by default)
08:08:34.536 [main] INFO  o.h.e.t.j.p.i.JtaPlatformInitiator - HHH000489: No JTA platform available (set 'hibernate.transaction.jta.platform' to enable JTA platform integration)
08:08:34.547 [main] DEBUG org.hibernate.SQL - alter table if exists tb_item_comercializado alter column nome_item set data type varchar(255)
Hibernate: alter table if exists tb_item_comercializado alter column nome_item set data type varchar(255)
08:08:34.548 [main] DEBUG org.hibernate.SQL - alter table if exists tb_item_comercializado alter column preco_base set data type numeric(38,2)
Hibernate: alter table if exists tb_item_comercializado alter column preco_base set data type numeric(38,2)
08:08:34.551 [main] DEBUG org.hibernate.SQL - alter table if exists tb_item_comercializado alter column reino_origem set data type varchar(255)
Hibernate: alter table if exists tb_item_comercializado alter column reino_origem set data type varchar(255)
08:08:34.551 [main] DEBUG org.hibernate.SQL - alter table if exists tb_moeda alter column nome_moeda set data type varchar(255)
Hibernate: alter table if exists tb_moeda alter column nome_moeda set data type varchar(255)
08:08:34.551 [main] DEBUG org.hibernate.SQL - alter table if exists tb_moeda alter column taxa_cambio set data type numeric(38,2)
Hibernate: alter table if exists tb_moeda alter column taxa_cambio set data type numeric(38,2)
08:08:34.553 [main] DEBUG org.hibernate.SQL - alter table if exists tb_transacao alter column moeda_destino set data type varchar(255)
Hibernate: alter table if exists tb_transacao alter column moeda_destino set data type varchar(255)
08:08:34.553 [main] DEBUG org.hibernate.SQL - alter table if exists tb_transacao alter column moeda_origem set data type varchar(255)
Hibernate: alter table if exists tb_transacao alter column moeda_origem set data type varchar(255)
08:08:34.553 [main] DEBUG org.hibernate.SQL - alter table if exists tb_transacao alter column nome_item set data type varchar(255)
Hibernate: alter table if exists tb_transacao alter column nome_item set data type varchar(255)
08:08:34.554 [main] DEBUG org.hibernate.SQL - alter table if exists tb_transacao alter column valor set data type numeric(38,2)
Hibernate: alter table if exists tb_transacao alter column valor set data type numeric(38,2)
08:08:34.556 [main] DEBUG org.hibernate.SQL - alter table if exists tb_transacao alter column valor_convertido set data type numeric(38,2)
Hibernate: alter table if exists tb_transacao alter column valor_convertido set data type numeric(38,2)
08:08:35.137 [main] WARN  o.s.b.a.o.j.JpaBaseConfiguration$JpaWebConfiguration - spring.jpa.open-in-view is enabled by default. Therefore, database queries may be performed during view rendering. Explicitly configure spring.jpa.open-in-view to disable this warning
08:08:35.309 [main] INFO  com.backend.BackendApplicationTest - Started BackendApplicationTest in 2.218 seconds (process running for 2.569)

  .   ____          _            __ _ _
 /\\ / ___'_ __ _ _(_)_ __  __ _ \ \ \ \
( ( )\___ | '_ | '_| | '_ \/ _` | \ \ \ \
 \\/  ___)| |_)| | | | | || (_| |  ) ) ) )
  '  |____| .__|_| |_|_| |_\__, | / / / /
 =========|_|==============|___/=/_/_/_/

 :: Spring Boot ::                (v3.3.6)

08:08:35.574 [main] INFO  com.backend.BackendApplication - Starting BackendApplication using Java 21.0.3 with PID 3923 (started by laercioleal in /Users/laercioleal/Work/Studies/Test/code-challenge-srm)
08:08:35.574 [main] INFO  com.backend.BackendApplication - No active profile set, falling back to 1 default profile: "default"
08:08:35.702 [main] INFO  o.a.coyote.http11.Http11NioProtocol - Initializing ProtocolHandler ["http-nio-8080"]
08:08:35.703 [main] INFO  o.a.catalina.core.StandardService - Starting service [Tomcat]
08:08:35.703 [main] INFO  o.a.catalina.core.StandardEngine - Starting Servlet engine: [Apache Tomcat/10.1.33]
08:08:35.724 [main] INFO  o.a.c.c.C.[Tomcat].[localhost].[/] - Initializing Spring embedded WebApplicationContext
08:08:35.751 [main] INFO  com.zaxxer.hikari.HikariDataSource - HikariPool-2 - Starting...
08:08:35.752 [main] INFO  com.zaxxer.hikari.pool.HikariPool - HikariPool-2 - Added connection conn10: url=jdbc:h2:mem:crud user=CRUD
08:08:35.752 [main] INFO  com.zaxxer.hikari.HikariDataSource - HikariPool-2 - Start completed.
08:08:35.752 [main] INFO  liquibase.database - Set default schema name to PUBLIC
08:08:35.769 [main] INFO  liquibase.changelog - Reading resource: db/changelog/changes/001-initial_script.sql
08:08:35.777 [main] INFO  liquibase.changelog - Reading from PUBLIC.DATABASECHANGELOG
08:08:35.780 [main] INFO  liquibase.lockservice - Successfully acquired change log lock
08:08:35.780 [main] INFO  liquibase.command - Using deploymentId: 3915315780
08:08:35.781 [main] INFO  liquibase.changelog - Reading from PUBLIC.DATABASECHANGELOG
08:08:35.781 [main] INFO  liquibase.util - UPDATE SUMMARY
08:08:35.781 [main] INFO  liquibase.util - Run:                          0
08:08:35.781 [main] INFO  liquibase.util - Previously run:               1
08:08:35.781 [main] INFO  liquibase.util - Filtered out:                 0
08:08:35.781 [main] INFO  liquibase.util - -------------------------------
08:08:35.781 [main] INFO  liquibase.util - Total change sets:            1
08:08:35.781 [main] INFO  liquibase.util - Update summary generated
08:08:35.781 [main] INFO  liquibase.command - Update command completed successfully.
08:08:35.781 [main] INFO  liquibase.ui - Liquibase: Update has been successful. Rows affected: 0
08:08:35.782 [main] INFO  liquibase.lockservice - Successfully released change log lock
08:08:35.782 [main] INFO  liquibase.command - Command execution complete
08:08:35.788 [main] INFO  o.h.jpa.internal.util.LogHelper - HHH000204: Processing PersistenceUnitInfo [name: default]
08:08:35.788 [main] INFO  o.h.c.i.RegionFactoryInitiator - HHH000026: Second-level cache disabled
08:08:35.791 [main] WARN  org.hibernate.orm.deprecation - HHH90000025: H2Dialect does not need to be specified explicitly using 'hibernate.dialect' (remove the property setting and it will be selected by default)
08:08:35.817 [main] INFO  o.h.e.t.j.p.i.JtaPlatformInitiator - HHH000489: No JTA platform available (set 'hibernate.transaction.jta.platform' to enable JTA platform integration)
08:08:35.843 [main] WARN  o.s.b.a.o.j.JpaBaseConfiguration$JpaWebConfiguration - spring.jpa.open-in-view is enabled by default. Therefore, database queries may be performed during view rendering. Explicitly configure spring.jpa.open-in-view to disable this warning
08:08:35.881 [main] INFO  o.a.coyote.http11.Http11NioProtocol - Starting ProtocolHandler ["http-nio-8080"]
08:08:35.892 [main] INFO  com.backend.BackendApplication - Started BackendApplication in 0.326 seconds (process running for 3.152)
]]></system-out>
    <system-err><![CDATA[WARNING: A Java agent has been loaded dynamically (/Users/laercioleal/.m2/repository/net/bytebuddy/byte-buddy-agent/1.14.19/byte-buddy-agent-1.14.19.jar)
WARNING: If a serviceability tool is in use, please run with -XX:+EnableDynamicAgentLoading to hide this warning
WARNING: If a serviceability tool is not in use, please run with -Djdk.instrument.traceUsage for more information
WARNING: Dynamic loading of agents will be disallowed by default in a future release
]]></system-err>
  </testcase>
</testsuite>